<?xml version="1.0" encoding="UTF-8"?>
<testsuite name="ExampleTests" tests="1" skipped="0" failures="0" errors="0" timestamp="2021-01-21T23:39:48" hostname="DESKTOP-CVJV90J" time="20.346">
  <properties/>
  <testcase name="navigateToContactPage" classname="ExampleTests" time="20.346"/>
  <system-out><![CDATA[]]></system-out>
  <system-err><![CDATA[SLF4J: Failed to load class "org.slf4j.impl.StaticLoggerBinder".
SLF4J: Defaulting to no-operation (NOP) logger implementation
SLF4J: See http://www.slf4j.org/codes.html#StaticLoggerBinder for further details.
Starting ChromeDriver 87.0.4280.88 (89e2380a3e36c3464b5dd1302349b1382549290d-refs/branch-heads/4280@{#1761}) on port 12079
Only local connections are allowed.
Please see https://chromedriver.chromium.org/security-considerations for suggestions on keeping ChromeDriver safe.
ChromeDriver was started successfully.
ene 21, 2021 6:39:55 PM org.openqa.selenium.remote.ProtocolHandshake createSession
INFORMACIÓN: Detected dialect: W3C
]]></system-err>
</testsuite>
